<?xml version="1.0" encoding="UTF-8"?>
<testsuite name="com.soj.pattern.state.LightBulbTest" tests="3" skipped="0" failures="0" errors="0" timestamp="2022-02-16T21:26:11" hostname="DESKTOP-H3C67DB" time="0.029">
  <properties/>
  <testcase name="testToSetCurrentState()" classname="com.soj.pattern.state.LightBulbTest" time="0.023"/>
  <testcase name="testToToggle()" classname="com.soj.pattern.state.LightBulbTest" time="0.002"/>
  <testcase name="testToDisplayState()" classname="com.soj.pattern.state.LightBulbTest" time="0.002"/>
  <system-out><![CDATA[]]></system-out>
  <system-err><![CDATA[]]></system-err>
</testsuite>
