<?xml version="1.0" encoding="UTF-8"?>
<testsuite name="com.soj.pattern.state.OnStateTest" tests="2" skipped="0" failures="0" errors="0" timestamp="2022-02-16T21:46:31" hostname="DESKTOP-H3C67DB" time="0.002">
  <properties/>
  <testcase name="transition()" classname="com.soj.pattern.state.OnStateTest" time="0.001"/>
  <testcase name="displayState()" classname="com.soj.pattern.state.OnStateTest" time="0.001"/>
  <system-out><![CDATA[]]></system-out>
  <system-err><![CDATA[]]></system-err>
</testsuite>
